TN:
SF:src/components/List.tsx
FN:7,List
FN:11,addToList
FN:15,addToListLazy
FN:21,removeItem
FNF:4
FNH:4
FNDA:17,List
FNDA:1,addToList
FNDA:1,addToListLazy
FNDA:1,removeItem
DA:1,1
DA:2,1
DA:3,1
DA:4,1
DA:5,1
DA:6,1
DA:7,1
DA:8,17
DA:9,17
DA:10,17
DA:11,17
DA:12,1
DA:13,1
DA:14,17
DA:15,17
DA:16,1
DA:17,1
DA:18,1
DA:19,1
DA:20,17
DA:21,17
DA:22,1
DA:23,1
DA:24,1
DA:25,1
DA:26,17
DA:27,17
DA:28,17
DA:29,17
DA:30,17
DA:31,17
DA:32,17
DA:33,17
DA:34,17
DA:35,17
DA:36,17
DA:37,17
DA:38,17
DA:39,17
DA:40,17
DA:41,17
DA:42,17
DA:43,1
DA:44,1
LF:44
LH:44
BRDA:7,0,0,17
BRDA:11,1,0,1
BRDA:15,2,0,1
BRDA:16,3,0,1
BRDA:21,4,0,1
BRDA:22,5,0,1
BRF:6
BRH:6
end_of_record
